<?xml version="1.0" encoding="UTF-8"?>
<!-- Generated by org.testng.reporters.JUnitReportReporter -->
<testsuite hostname="MS" failures="0" tests="4" name="practise.ClassTwo" time="0.012" errors="0" timestamp="2024-01-11T01:56:24 IST" skipped="0">
  <testcase classname="practise.ClassTwo" name="StudentSignUp" time="0.001"/>
  <testcase classname="practise.ClassTwo" name="StudentLogin" time="0.005"/>
  <testcase classname="practise.ClassTwo" name="Login" time="0.003"/>
  <testcase classname="practise.ClassTwo" name="StudentLogOut" time="0.003"/>
</testsuite> <!-- practise.ClassTwo -->
