<?xml version="1.0" encoding="UTF-8"?>
<!-- Generated by org.testng.reporters.JUnitReportReporter -->
<testsuite hostname="MS" failures="0" tests="4" name="practise.ClassThree" time="0.023" errors="0" timestamp="2024-01-11T01:56:24 IST" skipped="0">
  <testcase classname="practise.ClassThree" name="Login" time="0.004"/>
  <testcase classname="practise.ClassThree" name="StaffLogin" time="0.003"/>
  <testcase classname="practise.ClassThree" name="StaffSignUp" time="0.004"/>
  <testcase classname="practise.ClassThree" name="LogOut" time="0.012"/>
</testsuite> <!-- practise.ClassThree -->
