<?xml version="1.0" encoding="UTF-8"?>
<!-- Generated by org.testng.reporters.JUnitReportReporter -->
<testsuite hostname="MS" failures="0" tests="4" name="practise.ClassOne" time="0.045" errors="0" timestamp="2024-01-11T01:56:24 IST" skipped="0">
  <testcase classname="practise.ClassOne" name="TestCaseTwo" time="0.011"/>
  <testcase classname="practise.ClassOne" name="TestCaseFour" time="0.014"/>
  <testcase classname="practise.ClassOne" name="TestCaseOne" time="0.015"/>
  <testcase classname="practise.ClassOne" name="TestCaseThree" time="0.005"/>
</testsuite> <!-- practise.ClassOne -->
