<?xml version="1.0" encoding="UTF-8"?>
<!-- Generated by org.testng.reporters.JUnitReportReporter -->
<testsuite hostname="MS" failures="0" tests="1" name="inheritanceConcept.ChildClass" time="0.026" errors="0" timestamp="2024-01-11T15:15:54 IST" skipped="0">
  <testcase classname="inheritanceConcept.ChildClass" name="RunTest" time="0.026"/>
</testsuite> <!-- inheritanceConcept.ChildClass -->
