<?xml version="1.0" encoding="UTF-8"?>
<!-- Generated by org.testng.reporters.JUnitReportReporter -->
<testsuite hostname="MS" failures="0" tests="5" name="practise.ClassFour" time="0.030" errors="0" timestamp="2024-01-11T00:53:32 IST" skipped="1">
  <testcase classname="practise.ClassFour" name="ClassFourAddUser" time="0.004"/>
  <testcase classname="practise.ClassFour" name="ClassFourLogout" time="0.004"/>
  <testcase classname="practise.ClassFour" name="ClassFourLogin" time="0.012"/>
  <testcase classname="practise.ClassFour" name="ClassFourSignUp" time="0.010"/>
  <testcase classname="practise.ClassFour" name="ClassFourEditUser">
    <skipped/>
  </testcase> <!-- ClassFourEditUser -->
</testsuite> <!-- practise.ClassFour -->
